<?xml version="1.0" encoding="UTF-8"?>
<!-- Generated by org.testng.reporters.JUnitXMLReporter -->
<testsuite ignored="1" hostname="helilshahyars-iMac.local" failures="4" tests="23" name="regression" time="27.345" errors="0" timestamp="2022-12-01T18:06:14 EST">
  <testcase classname="tests.AmazonSearchWithExcel" name="@AfterMethod quitDriver" time="1.154">
    <failure type="org.openqa.selenium.WebDriverException" message="The driver server has unexpectedly died!
Build info: version: &amp;apos;3.141.59&amp;apos;, revision: &amp;apos;e82be7d358&amp;apos;, time: &amp;apos;2018-11-14T08:17:03&amp;apos;
System info: host: &amp;apos;helilshahyars-iMac.local&amp;apos;, ip: &amp;apos;127.0.0.1&amp;apos;, os.name: &amp;apos;Mac OS X&amp;apos;, os.arch: &amp;apos;x86_64&amp;apos;, os.version: &amp;apos;10.15.7&amp;apos;, java.version: &amp;apos;17.0.3.1&amp;apos;
Driver info: driver.version: Driver">
      <![CDATA[org.openqa.selenium.WebDriverException: The driver server has unexpectedly died!
Build info: version: '3.141.59', revision: 'e82be7d358', time: '2018-11-14T08:17:03'
System info: host: 'helilshahyars-iMac.local', ip: '127.0.0.1', os.name: 'Mac OS X', os.arch: 'x86_64', os.version: '10.15.7', java.version: '17.0.3.1'
Driver info: driver.version: Driver
at org.openqa.selenium.remote.service.DriverCommandExecutor.execute(DriverCommandExecutor.java:89)
at org.openqa.selenium.remote.RemoteWebDriver.execute(RemoteWebDriver.java:552)
at org.openqa.selenium.remote.RemoteWebDriver.execute(RemoteWebDriver.java:609)
at org.openqa.selenium.remote.RemoteWebDriver.quit(RemoteWebDriver.java:452)
at utils.Driver.quitDriver(Driver.java:52)
at tests.AmazonSearchWithExcel.quitDriver(AmazonSearchWithExcel.java:25)
at java.base/java.util.concurrent.ThreadPoolExecutor.runWorker(ThreadPoolExecutor.java:1136)
at java.base/java.util.concurrent.ThreadPoolExecutor$Worker.run(ThreadPoolExecutor.java:635)
at java.base/java.lang.Thread.run(Thread.java:833)
Caused by: java.net.ConnectException: Failed to connect to localhost/[0:0:0:0:0:0:0:1]:32294
at okhttp3.internal.connection.RealConnection.connectSocket(RealConnection.java:247)
at okhttp3.internal.connection.RealConnection.connect(RealConnection.java:165)
at okhttp3.internal.connection.StreamAllocation.findConnection(StreamAllocation.java:257)
at okhttp3.internal.connection.StreamAllocation.findHealthyConnection(StreamAllocation.java:135)
at okhttp3.internal.connection.StreamAllocation.newStream(StreamAllocation.java:114)
at okhttp3.internal.connection.ConnectInterceptor.intercept(ConnectInterceptor.java:42)
at okhttp3.internal.http.RealInterceptorChain.proceed(RealInterceptorChain.java:147)
at okhttp3.internal.http.RealInterceptorChain.proceed(RealInterceptorChain.java:121)
at okhttp3.internal.cache.CacheInterceptor.intercept(CacheInterceptor.java:93)
at okhttp3.internal.http.RealInterceptorChain.proceed(RealInterceptorChain.java:147)
at okhttp3.internal.http.RealInterceptorChain.proceed(RealInterceptorChain.java:121)
at okhttp3.internal.http.BridgeInterceptor.intercept(BridgeInterceptor.java:93)
at okhttp3.internal.http.RealInterceptorChain.proceed(RealInterceptorChain.java:147)
at okhttp3.internal.http.RetryAndFollowUpInterceptor.intercept(RetryAndFollowUpInterceptor.java:126)
at okhttp3.internal.http.RealInterceptorChain.proceed(RealInterceptorChain.java:147)
at okhttp3.internal.http.RealInterceptorChain.proceed(RealInterceptorChain.java:121)
at okhttp3.RealCall.getResponseWithInterceptorChain(RealCall.java:200)
at okhttp3.RealCall.execute(RealCall.java:77)
at org.openqa.selenium.remote.internal.OkHttpClient.execute(OkHttpClient.java:103)
at org.openqa.selenium.remote.HttpCommandExecutor.execute(HttpCommandExecutor.java:155)
at org.openqa.selenium.remote.service.DriverCommandExecutor.execute(DriverCommandExecutor.java:83)
... 25 more
Caused by: java.net.ConnectException: Connection refused
at java.base/sun.nio.ch.Net.pollConnect(Native Method)
at java.base/sun.nio.ch.Net.pollConnectNow(Net.java:672)
at java.base/sun.nio.ch.NioSocketImpl.timedFinishConnect(NioSocketImpl.java:542)
at java.base/sun.nio.ch.NioSocketImpl.connect(NioSocketImpl.java:597)
at java.base/java.net.SocksSocketImpl.connect(SocksSocketImpl.java:327)
at java.base/java.net.Socket.connect(Socket.java:633)
at okhttp3.internal.platform.Platform.connectSocket(Platform.java:129)
at okhttp3.internal.connection.RealConnection.connectSocket(RealConnection.java:245)
... 45 more
... Removed 17 stack frames]]>
    </failure>
  </testcase> <!-- @AfterMethod quitDriver -->
  <testcase classname="tests.AmazonSearchWithExcel" name="@BeforeMethod setup" time="-1.669935958372E9">
    <skipped/>
  </testcase> <!-- @BeforeMethod setup -->
  <testcase classname="tests.AmazonSearchWithExcel" name="@AfterMethod quitDriver" time="-1.669935958376E9">
    <skipped/>
  </testcase> <!-- @AfterMethod quitDriver -->
  <testcase classname="tests.AmazonSearchWithExcel" name="@BeforeMethod setup" time="-1.669935958377E9">
    <skipped/>
  </testcase> <!-- @BeforeMethod setup -->
  <testcase classname="tests.AmazonSearchWithExcel" name="@AfterMethod quitDriver" time="-1.669935958379E9">
    <skipped/>
  </testcase> <!-- @AfterMethod quitDriver -->
  <testcase classname="tests.AmazonSearchWithExcel" name="@BeforeMethod setup" time="-1.66993595838E9">
    <skipped/>
  </testcase> <!-- @BeforeMethod setup -->
  <testcase classname="tests.AmazonSearchWithExcel" name="@AfterMethod quitDriver" time="-1.669935958383E9">
    <skipped/>
  </testcase> <!-- @AfterMethod quitDriver -->
  <testcase classname="tests.AmazonSearchWithExcel" name="@BeforeMethod setup" time="-1.669935958384E9">
    <skipped/>
  </testcase> <!-- @BeforeMethod setup -->
  <testcase classname="tests.AmazonSearchWithExcel" name="@AfterMethod quitDriver" time="-1.669935958387E9">
    <skipped/>
  </testcase> <!-- @AfterMethod quitDriver -->
  <testcase classname="tests.AmazonSearchWithExcel" name="@BeforeMethod setup" time="-1.669935958387E9">
    <skipped/>
  </testcase> <!-- @BeforeMethod setup -->
  <testcase classname="tests.AmazonSearchWithExcel" name="@AfterMethod quitDriver" time="-1.66993595839E9">
    <skipped/>
  </testcase> <!-- @AfterMethod quitDriver -->
  <testcase classname="tests.AmazonSearchWithExcel" name="@BeforeMethod setup" time="-1.669935958391E9">
    <skipped/>
  </testcase> <!-- @BeforeMethod setup -->
  <testcase classname="tests.AmazonSearchWithExcel" name="@AfterMethod quitDriver" time="-1.669935958393E9">
    <skipped/>
  </testcase> <!-- @AfterMethod quitDriver -->
  <testcase classname="tests.AmazonSearchWithExcel" name="@BeforeMethod setup" time="-1.669935958394E9">
    <skipped/>
  </testcase> <!-- @BeforeMethod setup -->
  <testcase classname="tests.AmazonSearchWithExcel" name="@AfterMethod quitDriver" time="-1.669935958396E9">
    <skipped/>
  </testcase> <!-- @AfterMethod quitDriver -->
  <testcase classname="tests.AmazonSearchWithExcel" name="@BeforeMethod setup" time="-1.669935958397E9">
    <skipped/>
  </testcase> <!-- @BeforeMethod setup -->
  <testcase classname="tests.AmazonSearchWithExcel" name="@AfterMethod quitDriver" time="-1.669935958399E9">
    <skipped/>
  </testcase> <!-- @AfterMethod quitDriver -->
  <testcase classname="tests.AmazonSearchWithExcel" name="@BeforeMethod setup" time="-1.6699359584E9">
    <skipped/>
  </testcase> <!-- @BeforeMethod setup -->
  <testcase classname="tests.AmazonSearchWithExcel" name="@AfterMethod quitDriver" time="-1.669935958401E9">
    <skipped/>
  </testcase> <!-- @AfterMethod quitDriver -->
  <testcase classname="tests.SauceDemoLoginTests" name="credentialTest" time="6.972">
    <failure type="org.openqa.selenium.NoSuchElementException" message="no such element: Unable to locate element: {&amp;quot;method&amp;quot;:&amp;quot;css selector&amp;quot;,&amp;quot;selector&amp;quot;:&amp;quot;*[name=&amp;apos;login-button&amp;apos;]&amp;quot;}
  (Session info: chrome=108.0.5359.71)
For documentation on this error, please visit: https://www.seleniumhq.org/exceptions/no_such_element.html
Build info: version: &amp;apos;3.141.59&amp;apos;, revision: &amp;apos;e82be7d358&amp;apos;, time: &amp;apos;2018-11-14T08:17:03&amp;apos;
System info: host: &amp;apos;helilshahyars-iMac.local&amp;apos;, ip: &amp;apos;127.0.0.1&amp;apos;, os.name: &amp;apos;Mac OS X&amp;apos;, os.arch: &amp;apos;x86_64&amp;apos;, os.version: &amp;apos;10.15.7&amp;apos;, java.version: &amp;apos;17.0.3.1&amp;apos;
Driver info: org.openqa.selenium.chrome.ChromeDriver
Capabilities {acceptInsecureCerts: false, browserName: chrome, browserVersion: 108.0.5359.71, chrome: {chromedriverVersion: 108.0.5359.71 (1e0e3868ee06..., userDataDir: /var/folders/8k/y0c6q_0d6wn...}, goog:chromeOptions: {debuggerAddress: localhost:51717}, javascriptEnabled: true, networkConnectionEnabled: false, pageLoadStrategy: normal, platform: MAC, platformName: MAC, proxy: Proxy(), setWindowRect: true, strictFileInteractability: false, timeouts: {implicit: 0, pageLoad: 300000, script: 30000}, unhandledPromptBehavior: dismiss and notify, webauthn:extension:credBlob: true, webauthn:extension:largeBlob: true, webauthn:virtualAuthenticators: true}
Session ID: e965020a16ffc31ac5f96e99a133bdda
*** Element info: {Using=name, value=login-button}">
      <![CDATA[org.openqa.selenium.NoSuchElementException: no such element: Unable to locate element: {"method":"css selector","selector":"*[name='login-button']"}
  (Session info: chrome=108.0.5359.71)
For documentation on this error, please visit: https://www.seleniumhq.org/exceptions/no_such_element.html
Build info: version: '3.141.59', revision: 'e82be7d358', time: '2018-11-14T08:17:03'
System info: host: 'helilshahyars-iMac.local', ip: '127.0.0.1', os.name: 'Mac OS X', os.arch: 'x86_64', os.version: '10.15.7', java.version: '17.0.3.1'
Driver info: org.openqa.selenium.chrome.ChromeDriver
Capabilities {acceptInsecureCerts: false, browserName: chrome, browserVersion: 108.0.5359.71, chrome: {chromedriverVersion: 108.0.5359.71 (1e0e3868ee06..., userDataDir: /var/folders/8k/y0c6q_0d6wn...}, goog:chromeOptions: {debuggerAddress: localhost:51717}, javascriptEnabled: true, networkConnectionEnabled: false, pageLoadStrategy: normal, platform: MAC, platformName: MAC, proxy: Proxy(), setWindowRect: true, strictFileInteractability: false, timeouts: {implicit: 0, pageLoad: 300000, script: 30000}, unhandledPromptBehavior: dismiss and notify, webauthn:extension:credBlob: true, webauthn:extension:largeBlob: true, webauthn:virtualAuthenticators: true}
Session ID: e965020a16ffc31ac5f96e99a133bdda
*** Element info: {Using=name, value=login-button}
at org.openqa.selenium.remote.http.W3CHttpResponseCodec.createException(W3CHttpResponseCodec.java:187)
at org.openqa.selenium.remote.http.W3CHttpResponseCodec.decode(W3CHttpResponseCodec.java:122)
at org.openqa.selenium.remote.http.W3CHttpResponseCodec.decode(W3CHttpResponseCodec.java:49)
at org.openqa.selenium.remote.HttpCommandExecutor.execute(HttpCommandExecutor.java:158)
at org.openqa.selenium.remote.service.DriverCommandExecutor.execute(DriverCommandExecutor.java:83)
at org.openqa.selenium.remote.RemoteWebDriver.execute(RemoteWebDriver.java:552)
at org.openqa.selenium.remote.RemoteWebDriver.findElement(RemoteWebDriver.java:323)
at org.openqa.selenium.remote.RemoteWebDriver.findElementByName(RemoteWebDriver.java:404)
at org.openqa.selenium.By$ByName.findElement(By.java:284)
at org.openqa.selenium.remote.RemoteWebDriver.findElement(RemoteWebDriver.java:315)
at org.openqa.selenium.support.pagefactory.DefaultElementLocator.findElement(DefaultElementLocator.java:69)
at org.openqa.selenium.support.pagefactory.internal.LocatingElementHandler.invoke(LocatingElementHandler.java:38)
at jdk.proxy2/jdk.proxy2.$Proxy15.click(Unknown Source)
at tests.SauceDemoLoginTests.credentialTest(SauceDemoLoginTests.java:24)
at java.base/java.util.concurrent.ThreadPoolExecutor.runWorker(ThreadPoolExecutor.java:1136)
at java.base/java.util.concurrent.ThreadPoolExecutor$Worker.run(ThreadPoolExecutor.java:635)
at java.base/java.lang.Thread.run(Thread.java:833)
... Removed 17 stack frames]]>
    </failure>
  </testcase> <!-- credentialTest -->
  <testcase classname="tests.AmazonSearchWithExcel" name="AmazonSearchTest" time="8.256">
    <failure type="org.openqa.selenium.NoSuchSessionException" message="invalid session id
Build info: version: &amp;apos;3.141.59&amp;apos;, revision: &amp;apos;e82be7d358&amp;apos;, time: &amp;apos;2018-11-14T08:17:03&amp;apos;
System info: host: &amp;apos;helilshahyars-iMac.local&amp;apos;, ip: &amp;apos;127.0.0.1&amp;apos;, os.name: &amp;apos;Mac OS X&amp;apos;, os.arch: &amp;apos;x86_64&amp;apos;, os.version: &amp;apos;10.15.7&amp;apos;, java.version: &amp;apos;17.0.3.1&amp;apos;
Driver info: org.openqa.selenium.chrome.ChromeDriver
Capabilities {acceptInsecureCerts: false, browserName: chrome, browserVersion: 108.0.5359.71, chrome: {chromedriverVersion: 108.0.5359.71 (1e0e3868ee06..., userDataDir: /var/folders/8k/y0c6q_0d6wn...}, goog:chromeOptions: {debuggerAddress: localhost:51717}, javascriptEnabled: true, networkConnectionEnabled: false, pageLoadStrategy: normal, platform: MAC, platformName: MAC, proxy: Proxy(), setWindowRect: true, strictFileInteractability: false, timeouts: {implicit: 0, pageLoad: 300000, script: 30000}, unhandledPromptBehavior: dismiss and notify, webauthn:extension:credBlob: true, webauthn:extension:largeBlob: true, webauthn:virtualAuthenticators: true}
Session ID: e965020a16ffc31ac5f96e99a133bdda
*** Element info: {Using=xpath, value=//span[@class=&amp;apos;a-color-state a-text-bold&amp;apos;]}">
      <![CDATA[org.openqa.selenium.NoSuchSessionException: invalid session id
Build info: version: '3.141.59', revision: 'e82be7d358', time: '2018-11-14T08:17:03'
System info: host: 'helilshahyars-iMac.local', ip: '127.0.0.1', os.name: 'Mac OS X', os.arch: 'x86_64', os.version: '10.15.7', java.version: '17.0.3.1'
Driver info: org.openqa.selenium.chrome.ChromeDriver
Capabilities {acceptInsecureCerts: false, browserName: chrome, browserVersion: 108.0.5359.71, chrome: {chromedriverVersion: 108.0.5359.71 (1e0e3868ee06..., userDataDir: /var/folders/8k/y0c6q_0d6wn...}, goog:chromeOptions: {debuggerAddress: localhost:51717}, javascriptEnabled: true, networkConnectionEnabled: false, pageLoadStrategy: normal, platform: MAC, platformName: MAC, proxy: Proxy(), setWindowRect: true, strictFileInteractability: false, timeouts: {implicit: 0, pageLoad: 300000, script: 30000}, unhandledPromptBehavior: dismiss and notify, webauthn:extension:credBlob: true, webauthn:extension:largeBlob: true, webauthn:virtualAuthenticators: true}
Session ID: e965020a16ffc31ac5f96e99a133bdda
*** Element info: {Using=xpath, value=//span[@class='a-color-state a-text-bold']}
at org.openqa.selenium.remote.http.W3CHttpResponseCodec.createException(W3CHttpResponseCodec.java:187)
at org.openqa.selenium.remote.http.W3CHttpResponseCodec.decode(W3CHttpResponseCodec.java:122)
at org.openqa.selenium.remote.http.W3CHttpResponseCodec.decode(W3CHttpResponseCodec.java:49)
at org.openqa.selenium.remote.HttpCommandExecutor.execute(HttpCommandExecutor.java:158)
at org.openqa.selenium.remote.service.DriverCommandExecutor.execute(DriverCommandExecutor.java:83)
at org.openqa.selenium.remote.RemoteWebDriver.execute(RemoteWebDriver.java:552)
at org.openqa.selenium.remote.RemoteWebDriver.findElement(RemoteWebDriver.java:323)
at org.openqa.selenium.remote.RemoteWebDriver.findElementByXPath(RemoteWebDriver.java:428)
at org.openqa.selenium.By$ByXPath.findElement(By.java:353)
at org.openqa.selenium.remote.RemoteWebDriver.findElement(RemoteWebDriver.java:315)
at org.openqa.selenium.support.pagefactory.DefaultElementLocator.findElement(DefaultElementLocator.java:69)
at org.openqa.selenium.support.pagefactory.internal.LocatingElementHandler.invoke(LocatingElementHandler.java:38)
at jdk.proxy2/jdk.proxy2.$Proxy15.getText(Unknown Source)
at tests.AmazonSearchWithExcel.AmazonSearchTest(AmazonSearchWithExcel.java:42)
at java.base/java.util.concurrent.ThreadPoolExecutor.runWorker(ThreadPoolExecutor.java:1136)
at java.base/java.util.concurrent.ThreadPoolExecutor$Worker.run(ThreadPoolExecutor.java:635)
at java.base/java.lang.Thread.run(Thread.java:833)
... Removed 17 stack frames]]>
    </failure>
  </testcase> <!-- AmazonSearchTest -->
  <testcase classname="tests.AmazonSearchWithExcel" name="AmazonSearchTest" time="0.0">
    <skipped/>
  </testcase> <!-- AmazonSearchTest -->
  <testcase classname="tests.AmazonSearchWithExcel" name="AmazonSearchTest" time="0.0">
    <skipped/>
  </testcase> <!-- AmazonSearchTest -->
  <testcase classname="tests.AmazonSearchWithExcel" name="AmazonSearchTest" time="0.0">
    <skipped/>
  </testcase> <!-- AmazonSearchTest -->
  <testcase classname="tests.AmazonSearchWithExcel" name="AmazonSearchTest" time="0.0">
    <skipped/>
  </testcase> <!-- AmazonSearchTest -->
  <testcase classname="tests.AmazonSearchWithExcel" name="AmazonSearchTest" time="0.0">
    <skipped/>
  </testcase> <!-- AmazonSearchTest -->
  <testcase classname="tests.AmazonSearchWithExcel" name="AmazonSearchTest" time="0.0">
    <skipped/>
  </testcase> <!-- AmazonSearchTest -->
  <testcase classname="tests.AmazonSearchWithExcel" name="AmazonSearchTest" time="0.0">
    <skipped/>
  </testcase> <!-- AmazonSearchTest -->
  <testcase classname="tests.AmazonSearchWithExcel" name="AmazonSearchTest" time="0.0">
    <skipped/>
  </testcase> <!-- AmazonSearchTest -->
  <testcase classname="tests.AmazonSearchWithExcel" name="AmazonSearchTest" time="0.0">
    <skipped/>
  </testcase> <!-- AmazonSearchTest -->
  <testcase classname="tests.SauceDemoLoginTests" name="credentialTest" time="1.413"/>
  <testcase classname="tests.AmazonSearch" name="AmazonSearchTest" time="2.71">
    <failure type="org.openqa.selenium.NoSuchSessionException" message="invalid session id
Build info: version: &amp;apos;3.141.59&amp;apos;, revision: &amp;apos;e82be7d358&amp;apos;, time: &amp;apos;2018-11-14T08:17:03&amp;apos;
System info: host: &amp;apos;helilshahyars-iMac.local&amp;apos;, ip: &amp;apos;127.0.0.1&amp;apos;, os.name: &amp;apos;Mac OS X&amp;apos;, os.arch: &amp;apos;x86_64&amp;apos;, os.version: &amp;apos;10.15.7&amp;apos;, java.version: &amp;apos;17.0.3.1&amp;apos;
Driver info: org.openqa.selenium.chrome.ChromeDriver
Capabilities {acceptInsecureCerts: false, browserName: chrome, browserVersion: 108.0.5359.71, chrome: {chromedriverVersion: 108.0.5359.71 (1e0e3868ee06..., userDataDir: /var/folders/8k/y0c6q_0d6wn...}, goog:chromeOptions: {debuggerAddress: localhost:51853}, javascriptEnabled: true, networkConnectionEnabled: false, pageLoadStrategy: normal, platform: MAC, platformName: MAC, proxy: Proxy(), setWindowRect: true, strictFileInteractability: false, timeouts: {implicit: 0, pageLoad: 300000, script: 30000}, unhandledPromptBehavior: dismiss and notify, webauthn:extension:credBlob: true, webauthn:extension:largeBlob: true, webauthn:virtualAuthenticators: true}
Session ID: 619a41d13e79ce0375ed4a678e9ac2de
*** Element info: {Using=id, value=twotabsearchtextbox}">
      <![CDATA[org.openqa.selenium.NoSuchSessionException: invalid session id
Build info: version: '3.141.59', revision: 'e82be7d358', time: '2018-11-14T08:17:03'
System info: host: 'helilshahyars-iMac.local', ip: '127.0.0.1', os.name: 'Mac OS X', os.arch: 'x86_64', os.version: '10.15.7', java.version: '17.0.3.1'
Driver info: org.openqa.selenium.chrome.ChromeDriver
Capabilities {acceptInsecureCerts: false, browserName: chrome, browserVersion: 108.0.5359.71, chrome: {chromedriverVersion: 108.0.5359.71 (1e0e3868ee06..., userDataDir: /var/folders/8k/y0c6q_0d6wn...}, goog:chromeOptions: {debuggerAddress: localhost:51853}, javascriptEnabled: true, networkConnectionEnabled: false, pageLoadStrategy: normal, platform: MAC, platformName: MAC, proxy: Proxy(), setWindowRect: true, strictFileInteractability: false, timeouts: {implicit: 0, pageLoad: 300000, script: 30000}, unhandledPromptBehavior: dismiss and notify, webauthn:extension:credBlob: true, webauthn:extension:largeBlob: true, webauthn:virtualAuthenticators: true}
Session ID: 619a41d13e79ce0375ed4a678e9ac2de
*** Element info: {Using=id, value=twotabsearchtextbox}
at org.openqa.selenium.remote.http.W3CHttpResponseCodec.createException(W3CHttpResponseCodec.java:187)
at org.openqa.selenium.remote.http.W3CHttpResponseCodec.decode(W3CHttpResponseCodec.java:122)
at org.openqa.selenium.remote.http.W3CHttpResponseCodec.decode(W3CHttpResponseCodec.java:49)
at org.openqa.selenium.remote.HttpCommandExecutor.execute(HttpCommandExecutor.java:158)
at org.openqa.selenium.remote.service.DriverCommandExecutor.execute(DriverCommandExecutor.java:83)
at org.openqa.selenium.remote.RemoteWebDriver.execute(RemoteWebDriver.java:552)
at org.openqa.selenium.remote.RemoteWebDriver.findElement(RemoteWebDriver.java:323)
at org.openqa.selenium.remote.RemoteWebDriver.findElementById(RemoteWebDriver.java:372)
at org.openqa.selenium.By$ById.findElement(By.java:188)
at org.openqa.selenium.remote.RemoteWebDriver.findElement(RemoteWebDriver.java:315)
at org.openqa.selenium.support.pagefactory.DefaultElementLocator.findElement(DefaultElementLocator.java:69)
at org.openqa.selenium.support.pagefactory.internal.LocatingElementHandler.invoke(LocatingElementHandler.java:38)
at jdk.proxy2/jdk.proxy2.$Proxy15.sendKeys(Unknown Source)
at tests.AmazonSearch.AmazonSearchTest(AmazonSearch.java:33)
at java.base/java.util.concurrent.ThreadPoolExecutor.runWorker(ThreadPoolExecutor.java:1136)
at java.base/java.util.concurrent.ThreadPoolExecutor$Worker.run(ThreadPoolExecutor.java:635)
at java.base/java.lang.Thread.run(Thread.java:833)
... Removed 17 stack frames]]>
    </failure>
  </testcase> <!-- AmazonSearchTest -->
  <testcase classname="tests.AmazonSearch" name="AmazonSearchTest" time="0.009">
    <failure type="org.openqa.selenium.WebDriverException" message="The driver server has unexpectedly died!
Build info: version: &amp;apos;3.141.59&amp;apos;, revision: &amp;apos;e82be7d358&amp;apos;, time: &amp;apos;2018-11-14T08:17:03&amp;apos;
System info: host: &amp;apos;helilshahyars-iMac.local&amp;apos;, ip: &amp;apos;127.0.0.1&amp;apos;, os.name: &amp;apos;Mac OS X&amp;apos;, os.arch: &amp;apos;x86_64&amp;apos;, os.version: &amp;apos;10.15.7&amp;apos;, java.version: &amp;apos;17.0.3.1&amp;apos;
Driver info: driver.version: RemoteWebDriver">
      <![CDATA[org.openqa.selenium.WebDriverException: The driver server has unexpectedly died!
Build info: version: '3.141.59', revision: 'e82be7d358', time: '2018-11-14T08:17:03'
System info: host: 'helilshahyars-iMac.local', ip: '127.0.0.1', os.name: 'Mac OS X', os.arch: 'x86_64', os.version: '10.15.7', java.version: '17.0.3.1'
Driver info: driver.version: RemoteWebDriver
at org.openqa.selenium.remote.service.DriverCommandExecutor.execute(DriverCommandExecutor.java:89)
at org.openqa.selenium.remote.RemoteWebDriver.execute(RemoteWebDriver.java:552)
at org.openqa.selenium.remote.RemoteWebDriver.get(RemoteWebDriver.java:277)
at tests.AmazonSearch.AmazonSearchTest(AmazonSearch.java:32)
at java.base/java.util.concurrent.ThreadPoolExecutor.runWorker(ThreadPoolExecutor.java:1136)
at java.base/java.util.concurrent.ThreadPoolExecutor$Worker.run(ThreadPoolExecutor.java:635)
at java.base/java.lang.Thread.run(Thread.java:833)
Caused by: java.net.ConnectException: Failed to connect to localhost/[0:0:0:0:0:0:0:1]:40639
at okhttp3.internal.connection.RealConnection.connectSocket(RealConnection.java:247)
at okhttp3.internal.connection.RealConnection.connect(RealConnection.java:165)
at okhttp3.internal.connection.StreamAllocation.findConnection(StreamAllocation.java:257)
at okhttp3.internal.connection.StreamAllocation.findHealthyConnection(StreamAllocation.java:135)
at okhttp3.internal.connection.StreamAllocation.newStream(StreamAllocation.java:114)
at okhttp3.internal.connection.ConnectInterceptor.intercept(ConnectInterceptor.java:42)
at okhttp3.internal.http.RealInterceptorChain.proceed(RealInterceptorChain.java:147)
at okhttp3.internal.http.RealInterceptorChain.proceed(RealInterceptorChain.java:121)
at okhttp3.internal.cache.CacheInterceptor.intercept(CacheInterceptor.java:93)
at okhttp3.internal.http.RealInterceptorChain.proceed(RealInterceptorChain.java:147)
at okhttp3.internal.http.RealInterceptorChain.proceed(RealInterceptorChain.java:121)
at okhttp3.internal.http.BridgeInterceptor.intercept(BridgeInterceptor.java:93)
at okhttp3.internal.http.RealInterceptorChain.proceed(RealInterceptorChain.java:147)
at okhttp3.internal.http.RetryAndFollowUpInterceptor.intercept(RetryAndFollowUpInterceptor.java:126)
at okhttp3.internal.http.RealInterceptorChain.proceed(RealInterceptorChain.java:147)
at okhttp3.internal.http.RealInterceptorChain.proceed(RealInterceptorChain.java:121)
at okhttp3.RealCall.getResponseWithInterceptorChain(RealCall.java:200)
at okhttp3.RealCall.execute(RealCall.java:77)
at org.openqa.selenium.remote.internal.OkHttpClient.execute(OkHttpClient.java:103)
at org.openqa.selenium.remote.HttpCommandExecutor.execute(HttpCommandExecutor.java:155)
at org.openqa.selenium.remote.service.DriverCommandExecutor.execute(DriverCommandExecutor.java:83)
... 18 more
Caused by: java.net.ConnectException: Connection refused
at java.base/sun.nio.ch.Net.pollConnect(Native Method)
at java.base/sun.nio.ch.Net.pollConnectNow(Net.java:672)
at java.base/sun.nio.ch.NioSocketImpl.timedFinishConnect(NioSocketImpl.java:542)
at java.base/sun.nio.ch.NioSocketImpl.connect(NioSocketImpl.java:597)
at java.base/java.net.SocksSocketImpl.connect(SocksSocketImpl.java:327)
at java.base/java.net.Socket.connect(Socket.java:633)
at okhttp3.internal.platform.Platform.connectSocket(Platform.java:129)
at okhttp3.internal.connection.RealConnection.connectSocket(RealConnection.java:245)
... 38 more
... Removed 12 stack frames]]>
    </failure>
  </testcase> <!-- AmazonSearchTest -->
  <testcase classname="tests.SignupTests" name="signUpPageTest" time="3.734"/>
  <testcase classname="tests.SignupTests" name="test2" time="0.0"/>
  <testcase classname="tests.SignupTests" name="test3" time="0.0"/>
  <testcase classname="tests.SignupTests" name="test4" time="0.001"/>
  <testcase classname="tests.SignupTests" name="test5" time="0.0"/>
  <testcase classname="tests.AmazonSearch" name="AmazonSearchTest" time="4.69"/>
  <testcase classname="tests.AmazonSearch" name="AmazonSearchTest" time="3.248"/>
  <testcase classname="tests.AmazonSearch" name="AmazonSearchTest" time="2.898"/>
  <testcase classname="tests.AmazonSearch" name="AmazonSearchTest" time="2.717"/>
  <testcase classname="tests.AmazonSearchWithExcel" name="test" time="0.0">
    <ignored/>
  </testcase> <!-- test -->
</testsuite> <!-- regression -->
